2020-01-09 04:44:30	200	GET / HTTP/1.1	Mozilla/5.0 (Windows NT 10.0; Win64; x64) AppleWebKit/537.36 (KHTML, like Gecko) Chrome/79.0.3945.117 Safari/537.36	-	0:0:0:0:0:0:0:1	32354
2020-01-09 04:44:36	200	GET /aroma/category HTTP/1.1	Mozilla/5.0 (Windows NT 10.0; Win64; x64) AppleWebKit/537.36 (KHTML, like Gecko) Chrome/79.0.3945.117 Safari/537.36	http://localhost:8888/	0:0:0:0:0:0:0:1	450574
2020-01-09 14:36:07	200	GET / HTTP/1.1	Mozilla/5.0 (Macintosh; Intel Mac OS X 10_14_6) AppleWebKit/537.36 (KHTML, like Gecko) Chrome/79.0.3945.88 Safari/537.36	-	0:0:0:0:0:0:0:1	38247
2020-01-09 14:36:09	200	GET /detail HTTP/1.1	Mozilla/5.0 (Macintosh; Intel Mac OS X 10_14_6) AppleWebKit/537.36 (KHTML, like Gecko) Chrome/79.0.3945.88 Safari/537.36	-	0:0:0:0:0:0:0:1	48814
2020-01-09 14:36:10	200	GET /detail HTTP/1.1	Mozilla/5.0 (Macintosh; Intel Mac OS X 10_14_6) AppleWebKit/537.36 (KHTML, like Gecko) Chrome/79.0.3945.88 Safari/537.36	-	0:0:0:0:0:0:0:1	48814
2020-01-09 14:36:18	200	GET / HTTP/1.1	Mozilla/5.0 (Macintosh; Intel Mac OS X 10_14_6) AppleWebKit/537.36 (KHTML, like Gecko) Chrome/79.0.3945.88 Safari/537.36	-	0:0:0:0:0:0:0:1	38247
2020-01-09 14:36:19	200	GET / HTTP/1.1	Mozilla/5.0 (Macintosh; Intel Mac OS X 10_14_6) AppleWebKit/537.36 (KHTML, like Gecko) Chrome/79.0.3945.88 Safari/537.36	-	0:0:0:0:0:0:0:1	38247
2020-01-09 18:35:15	200	GET /aroma/category HTTP/1.1	Mozilla/5.0 (Windows NT 10.0; Win64; x64) AppleWebKit/537.36 (KHTML, like Gecko) Chrome/79.0.3945.88 Safari/537.36	http://localhost:8888/cart	0:0:0:0:0:0:0:1	35799
2020-01-09 18:35:15	404	GET /vendors/bootstrap/bootstrap.min.css.map HTTP/1.1	Mozilla/5.0 (Windows NT 10.0; Win64; x64) AppleWebKit/537.36 (KHTML, like Gecko) Chrome/79.0.3945.88 Safari/537.36	-	0:0:0:0:0:0:0:1	171
2020-01-09 18:35:16	404	GET /vendors/bootstrap/bootstrap.bundle.min.js.map HTTP/1.1	Mozilla/5.0 (Windows NT 10.0; Win64; x64) AppleWebKit/537.36 (KHTML, like Gecko) Chrome/79.0.3945.88 Safari/537.36	-	0:0:0:0:0:0:0:1	177
2020-01-09 18:36:18	404	GET /cart HTTP/1.1	Mozilla/5.0 (Windows NT 10.0; Win64; x64) AppleWebKit/537.36 (KHTML, like Gecko) Chrome/79.0.3945.88 Safari/537.36	http://localhost:8888/aroma/category	0:0:0:0:0:0:0:1	306
2020-01-09 18:36:22	404	GET /cart HTTP/1.1	Mozilla/5.0 (Windows NT 10.0; Win64; x64) AppleWebKit/537.36 (KHTML, like Gecko) Chrome/79.0.3945.88 Safari/537.36	http://localhost:8888/aroma/category	0:0:0:0:0:0:0:1	306
2020-01-09 18:36:23	404	GET /cart HTTP/1.1	Mozilla/5.0 (Windows NT 10.0; Win64; x64) AppleWebKit/537.36 (KHTML, like Gecko) Chrome/79.0.3945.88 Safari/537.36	http://localhost:8888/aroma/category	0:0:0:0:0:0:0:1	306
2020-01-09 18:36:28	404	GET /cart HTTP/1.1	Mozilla/5.0 (Windows NT 10.0; Win64; x64) AppleWebKit/537.36 (KHTML, like Gecko) Chrome/79.0.3945.88 Safari/537.36	http://localhost:8888/aroma/category	0:0:0:0:0:0:0:1	306
2020-01-09 18:36:30	200	GET /aroma/category HTTP/1.1	Mozilla/5.0 (Windows NT 10.0; Win64; x64) AppleWebKit/537.36 (KHTML, like Gecko) Chrome/79.0.3945.88 Safari/537.36	http://localhost:8888/cart	0:0:0:0:0:0:0:1	35799
2020-01-09 18:36:31	404	GET /vendors/bootstrap/bootstrap.min.css.map HTTP/1.1	Mozilla/5.0 (Windows NT 10.0; Win64; x64) AppleWebKit/537.36 (KHTML, like Gecko) Chrome/79.0.3945.88 Safari/537.36	-	0:0:0:0:0:0:0:1	171
2020-01-09 18:36:31	404	GET /vendors/bootstrap/bootstrap.bundle.min.js.map HTTP/1.1	Mozilla/5.0 (Windows NT 10.0; Win64; x64) AppleWebKit/537.36 (KHTML, like Gecko) Chrome/79.0.3945.88 Safari/537.36	-	0:0:0:0:0:0:0:1	177
2020-01-09 18:36:34	404	GET /cart HTTP/1.1	Mozilla/5.0 (Windows NT 10.0; Win64; x64) AppleWebKit/537.36 (KHTML, like Gecko) Chrome/79.0.3945.88 Safari/537.36	http://localhost:8888/aroma/category	0:0:0:0:0:0:0:1	306
2020-01-09 18:37:16	200	GET /aroma/category HTTP/1.1	Mozilla/5.0 (Windows NT 10.0; Win64; x64) AppleWebKit/537.36 (KHTML, like Gecko) Chrome/79.0.3945.88 Safari/537.36	http://localhost:8888/cart	0:0:0:0:0:0:0:1	35799
2020-01-09 18:37:16	404	GET /vendors/bootstrap/bootstrap.min.css.map HTTP/1.1	Mozilla/5.0 (Windows NT 10.0; Win64; x64) AppleWebKit/537.36 (KHTML, like Gecko) Chrome/79.0.3945.88 Safari/537.36	-	0:0:0:0:0:0:0:1	171
2020-01-09 18:37:17	404	GET /vendors/bootstrap/bootstrap.bundle.min.js.map HTTP/1.1	Mozilla/5.0 (Windows NT 10.0; Win64; x64) AppleWebKit/537.36 (KHTML, like Gecko) Chrome/79.0.3945.88 Safari/537.36	-	0:0:0:0:0:0:0:1	177
2020-01-09 18:37:20	200	GET /cart HTTP/1.1	Mozilla/5.0 (Windows NT 10.0; Win64; x64) AppleWebKit/537.36 (KHTML, like Gecko) Chrome/79.0.3945.88 Safari/537.36	http://localhost:8888/aroma/category	0:0:0:0:0:0:0:1	15436
2020-01-09 18:37:21	404	GET /vendors/bootstrap/bootstrap.min.css.map HTTP/1.1	Mozilla/5.0 (Windows NT 10.0; Win64; x64) AppleWebKit/537.36 (KHTML, like Gecko) Chrome/79.0.3945.88 Safari/537.36	-	0:0:0:0:0:0:0:1	171
2020-01-09 18:37:21	404	GET /vendors/bootstrap/bootstrap.bundle.min.js.map HTTP/1.1	Mozilla/5.0 (Windows NT 10.0; Win64; x64) AppleWebKit/537.36 (KHTML, like Gecko) Chrome/79.0.3945.88 Safari/537.36	-	0:0:0:0:0:0:0:1	177
2020-01-09 18:46:34	200	GET /cart HTTP/1.1	Mozilla/5.0 (Windows NT 10.0; Win64; x64) AppleWebKit/537.36 (KHTML, like Gecko) Chrome/79.0.3945.88 Safari/537.36	http://localhost:8888/aroma/category	0:0:0:0:0:0:0:1	17526
2020-01-09 18:46:35	404	GET /vendors/bootstrap/bootstrap.min.css.map HTTP/1.1	Mozilla/5.0 (Windows NT 10.0; Win64; x64) AppleWebKit/537.36 (KHTML, like Gecko) Chrome/79.0.3945.88 Safari/537.36	-	0:0:0:0:0:0:0:1	171
2020-01-09 18:46:35	404	GET /vendors/bootstrap/bootstrap.bundle.min.js.map HTTP/1.1	Mozilla/5.0 (Windows NT 10.0; Win64; x64) AppleWebKit/537.36 (KHTML, like Gecko) Chrome/79.0.3945.88 Safari/537.36	-	0:0:0:0:0:0:0:1	177
2020-01-09 18:46:41	302	GET /cart/delete?userIdx=1&bookIdx=141 HTTP/1.1	Mozilla/5.0 (Windows NT 10.0; Win64; x64) AppleWebKit/537.36 (KHTML, like Gecko) Chrome/79.0.3945.88 Safari/537.36	http://localhost:8888/cart	0:0:0:0:0:0:0:1	-
2020-01-09 18:46:41	200	GET /cart HTTP/1.1	Mozilla/5.0 (Windows NT 10.0; Win64; x64) AppleWebKit/537.36 (KHTML, like Gecko) Chrome/79.0.3945.88 Safari/537.36	http://localhost:8888/cart	0:0:0:0:0:0:0:1	16493
2020-01-09 18:46:41	404	GET /vendors/bootstrap/bootstrap.min.css.map HTTP/1.1	Mozilla/5.0 (Windows NT 10.0; Win64; x64) AppleWebKit/537.36 (KHTML, like Gecko) Chrome/79.0.3945.88 Safari/537.36	-	0:0:0:0:0:0:0:1	171
2020-01-09 18:46:41	404	GET /vendors/bootstrap/bootstrap.bundle.min.js.map HTTP/1.1	Mozilla/5.0 (Windows NT 10.0; Win64; x64) AppleWebKit/537.36 (KHTML, like Gecko) Chrome/79.0.3945.88 Safari/537.36	-	0:0:0:0:0:0:0:1	177
2020-01-09 18:46:46	302	GET /cart/delete?userIdx=1&bookIdx=15 HTTP/1.1	Mozilla/5.0 (Windows NT 10.0; Win64; x64) AppleWebKit/537.36 (KHTML, like Gecko) Chrome/79.0.3945.88 Safari/537.36	http://localhost:8888/cart	0:0:0:0:0:0:0:1	-
2020-01-09 18:46:46	200	GET /cart HTTP/1.1	Mozilla/5.0 (Windows NT 10.0; Win64; x64) AppleWebKit/537.36 (KHTML, like Gecko) Chrome/79.0.3945.88 Safari/537.36	http://localhost:8888/cart	0:0:0:0:0:0:0:1	15436
2020-01-09 18:46:46	404	GET /vendors/bootstrap/bootstrap.min.css.map HTTP/1.1	Mozilla/5.0 (Windows NT 10.0; Win64; x64) AppleWebKit/537.36 (KHTML, like Gecko) Chrome/79.0.3945.88 Safari/537.36	-	0:0:0:0:0:0:0:1	171
2020-01-09 18:46:47	404	GET /vendors/bootstrap/bootstrap.bundle.min.js.map HTTP/1.1	Mozilla/5.0 (Windows NT 10.0; Win64; x64) AppleWebKit/537.36 (KHTML, like Gecko) Chrome/79.0.3945.88 Safari/537.36	-	0:0:0:0:0:0:0:1	177
2020-01-09 18:46:49	302	GET /cart/delete?userIdx=1&bookIdx=22 HTTP/1.1	Mozilla/5.0 (Windows NT 10.0; Win64; x64) AppleWebKit/537.36 (KHTML, like Gecko) Chrome/79.0.3945.88 Safari/537.36	http://localhost:8888/cart	0:0:0:0:0:0:0:1	-
2020-01-09 18:46:49	200	GET /cart HTTP/1.1	Mozilla/5.0 (Windows NT 10.0; Win64; x64) AppleWebKit/537.36 (KHTML, like Gecko) Chrome/79.0.3945.88 Safari/537.36	http://localhost:8888/cart	0:0:0:0:0:0:0:1	14534
2020-01-09 18:46:49	404	GET /vendors/bootstrap/bootstrap.min.css.map HTTP/1.1	Mozilla/5.0 (Windows NT 10.0; Win64; x64) AppleWebKit/537.36 (KHTML, like Gecko) Chrome/79.0.3945.88 Safari/537.36	-	0:0:0:0:0:0:0:1	171
2020-01-09 18:46:49	404	GET /vendors/bootstrap/bootstrap.bundle.min.js.map HTTP/1.1	Mozilla/5.0 (Windows NT 10.0; Win64; x64) AppleWebKit/537.36 (KHTML, like Gecko) Chrome/79.0.3945.88 Safari/537.36	-	0:0:0:0:0:0:0:1	177
