2020:01:10 10:23:21.274 INFO  --- [restartedMain] k.n.talkbook.TalkbookApplication : Starting TalkbookApplication on DESKTOP-L2BJQSS with PID 7468 (started by KET in C:\Users\강은택\git\repository5\namtang) 
2020:01:10 10:23:21.277 DEBUG --- [restartedMain] k.n.talkbook.TalkbookApplication : Running with Spring Boot v2.2.2.RELEASE, Spring v5.2.2.RELEASE 
2020:01:10 10:23:21.278 INFO  --- [restartedMain] k.n.talkbook.TalkbookApplication : The following profiles are active: local 
2020:01:10 10:23:21.362 INFO  --- [restartedMain] o.s.b.d.restart.ChangeableUrls : The Class-Path manifest attribute in C:\Users\강은택\.m2\repository\org\glassfish\jaxb\jaxb-runtime\2.3.2\jaxb-runtime-2.3.2.jar referenced one or more files that do not exist: file:/C:/Users/%ea%b0%95%ec%9d%80%ed%83%9d/.m2/repository/org/glassfish/jaxb/jaxb-runtime/2.3.2/jakarta.xml.bind-api-2.3.2.jar,file:/C:/Users/%ea%b0%95%ec%9d%80%ed%83%9d/.m2/repository/org/glassfish/jaxb/jaxb-runtime/2.3.2/txw2-2.3.2.jar,file:/C:/Users/%ea%b0%95%ec%9d%80%ed%83%9d/.m2/repository/org/glassfish/jaxb/jaxb-runtime/2.3.2/istack-commons-runtime-3.0.8.jar,file:/C:/Users/%ea%b0%95%ec%9d%80%ed%83%9d/.m2/repository/org/glassfish/jaxb/jaxb-runtime/2.3.2/stax-ex-1.8.1.jar,file:/C:/Users/%ea%b0%95%ec%9d%80%ed%83%9d/.m2/repository/org/glassfish/jaxb/jaxb-runtime/2.3.2/FastInfoset-1.2.16.jar,file:/C:/Users/%ea%b0%95%ec%9d%80%ed%83%9d/.m2/repository/org/glassfish/jaxb/jaxb-runtime/2.3.2/jakarta.activation-api-1.2.1.jar 
2020:01:10 10:23:21.363 INFO  --- [restartedMain] o.s.b.d.e.DevToolsPropertyDefaultsPostProcessor : Devtools property defaults active! Set 'spring.devtools.add-properties' to 'false' to disable 
2020:01:10 10:23:21.363 INFO  --- [restartedMain] o.s.b.d.e.DevToolsPropertyDefaultsPostProcessor : For additional web related logging consider setting the 'logging.level.web' property to 'DEBUG' 
2020:01:10 10:23:22.137 INFO  --- [restartedMain] o.s.d.r.c.RepositoryConfigurationDelegate : Bootstrapping Spring Data JPA repositories in DEFAULT mode. 
2020:01:10 10:23:22.274 INFO  --- [restartedMain] o.s.d.r.c.RepositoryConfigurationDelegate : Finished Spring Data repository scanning in 127ms. Found 11 JPA repository interfaces. 
2020:01:10 10:23:22.648 INFO  --- [restartedMain] o.s.c.s.PostProcessorRegistrationDelegate$BeanPostProcessorChecker : Bean 'org.springframework.transaction.annotation.ProxyTransactionManagementConfiguration' of type [org.springframework.transaction.annotation.ProxyTransactionManagementConfiguration] is not eligible for getting processed by all BeanPostProcessors (for example: not eligible for auto-proxying) 
2020:01:10 10:23:22.933 INFO  --- [restartedMain] o.s.b.w.e.tomcat.TomcatWebServer : Tomcat initialized with port(s): 8888 (http) 
2020:01:10 10:23:22.941 INFO  --- [restartedMain] o.a.coyote.http11.Http11NioProtocol : Initializing ProtocolHandler ["http-nio-8888"] 
2020:01:10 10:23:22.942 INFO  --- [restartedMain] o.a.catalina.core.StandardService : Starting service [Tomcat] 
2020:01:10 10:23:22.943 INFO  --- [restartedMain] o.a.catalina.core.StandardEngine : Starting Servlet engine: [Apache Tomcat/9.0.29] 
2020:01:10 10:23:23.236 INFO  --- [restartedMain] o.apache.jasper.servlet.TldScanner : At least one JAR was scanned for TLDs yet contained no TLDs. Enable debug logging for this logger for a complete list of JARs that were scanned but no TLDs were found in them. Skipping unneeded JARs during scanning can improve startup time and JSP compilation time. 
2020:01:10 10:23:23.241 INFO  --- [restartedMain] o.a.c.c.C.[Tomcat].[localhost].[/] : Initializing Spring embedded WebApplicationContext 
2020:01:10 10:23:23.242 INFO  --- [restartedMain] o.s.web.context.ContextLoader : Root WebApplicationContext: initialization completed in 1879 ms 
2020:01:10 10:23:23.426 INFO  --- [restartedMain] o.h.jpa.internal.util.LogHelper : HHH000204: Processing PersistenceUnitInfo [name: default] 
2020:01:10 10:23:23.532 INFO  --- [restartedMain] org.hibernate.Version : HHH000412: Hibernate Core {5.4.9.Final} 
2020:01:10 10:23:23.646 INFO  --- [restartedMain] o.h.annotations.common.Version : HCANN000001: Hibernate Commons Annotations {5.0.1.Final} 
2020:01:10 10:23:23.768 INFO  --- [restartedMain] com.zaxxer.hikari.HikariDataSource : HikariPool-1 - Starting... 
2020:01:10 10:23:23.947 INFO  --- [restartedMain] com.zaxxer.hikari.pool.PoolBase : HikariPool-1 - Driver does not support get/set network timeout for connections. (oracle.jdbc.driver.T4CConnection.getNetworkTimeout()I) 
2020:01:10 10:23:23.955 INFO  --- [restartedMain] com.zaxxer.hikari.HikariDataSource : HikariPool-1 - Start completed. 
2020:01:10 10:23:23.969 INFO  --- [restartedMain] org.hibernate.dialect.Dialect : HHH000400: Using dialect: org.hibernate.dialect.Oracle10gDialect 
2020:01:10 10:23:24.320 WARN  --- [restartedMain] o.s.b.w.s.c.AnnotationConfigServletWebServerApplicationContext : Exception encountered during context initialization - cancelling refresh attempt: org.springframework.beans.factory.BeanCreationException: Error creating bean with name 'entityManagerFactory' defined in class path resource [org/springframework/boot/autoconfigure/orm/jpa/HibernateJpaConfiguration.class]: Invocation of init method failed; nested exception is org.hibernate.HibernateException: Unsupported property type [java.lang.String] for @CreationTimestamp or @UpdateTimestamp generator annotation 
2020:01:10 10:23:24.321 INFO  --- [restartedMain] com.zaxxer.hikari.HikariDataSource : HikariPool-1 - Shutdown initiated... 
2020:01:10 10:23:24.363 INFO  --- [restartedMain] com.zaxxer.hikari.HikariDataSource : HikariPool-1 - Shutdown completed. 
2020:01:10 10:23:24.366 INFO  --- [restartedMain] o.a.catalina.core.StandardService : Stopping service [Tomcat] 
2020:01:10 10:23:24.379 INFO  --- [restartedMain] o.s.b.a.l.ConditionEvaluationReportLoggingListener : 

Error starting ApplicationContext. To display the conditions report re-run your application with 'debug' enabled. 
2020:01:10 10:23:24.388 ERROR --- [restartedMain] o.s.boot.SpringApplication : Application run failed 
org.springframework.beans.factory.BeanCreationException: Error creating bean with name 'entityManagerFactory' defined in class path resource [org/springframework/boot/autoconfigure/orm/jpa/HibernateJpaConfiguration.class]: Invocation of init method failed; nested exception is org.hibernate.HibernateException: Unsupported property type [java.lang.String] for @CreationTimestamp or @UpdateTimestamp generator annotation
	at org.springframework.beans.factory.support.AbstractAutowireCapableBeanFactory.initializeBean(AbstractAutowireCapableBeanFactory.java:1796)
	at org.springframework.beans.factory.support.AbstractAutowireCapableBeanFactory.doCreateBean(AbstractAutowireCapableBeanFactory.java:595)
	at org.springframework.beans.factory.support.AbstractAutowireCapableBeanFactory.createBean(AbstractAutowireCapableBeanFactory.java:517)
	at org.springframework.beans.factory.support.AbstractBeanFactory.lambda$doGetBean$0(AbstractBeanFactory.java:323)
	at org.springframework.beans.factory.support.DefaultSingletonBeanRegistry.getSingleton(DefaultSingletonBeanRegistry.java:222)
	at org.springframework.beans.factory.support.AbstractBeanFactory.doGetBean(AbstractBeanFactory.java:321)
	at org.springframework.beans.factory.support.AbstractBeanFactory.getBean(AbstractBeanFactory.java:202)
	at org.springframework.context.support.AbstractApplicationContext.getBean(AbstractApplicationContext.java:1108)
	at org.springframework.context.support.AbstractApplicationContext.finishBeanFactoryInitialization(AbstractApplicationContext.java:868)
	at org.springframework.context.support.AbstractApplicationContext.refresh(AbstractApplicationContext.java:550)
	at org.springframework.boot.web.servlet.context.ServletWebServerApplicationContext.refresh(ServletWebServerApplicationContext.java:141)
	at org.springframework.boot.SpringApplication.refresh(SpringApplication.java:747)
	at org.springframework.boot.SpringApplication.refreshContext(SpringApplication.java:397)
	at org.springframework.boot.SpringApplication.run(SpringApplication.java:315)
	at org.springframework.boot.SpringApplication.run(SpringApplication.java:1226)
	at org.springframework.boot.SpringApplication.run(SpringApplication.java:1215)
	at kosta.namtang.talkbook.TalkbookApplication.main(TalkbookApplication.java:15)
	at sun.reflect.NativeMethodAccessorImpl.invoke0(Native Method)
	at sun.reflect.NativeMethodAccessorImpl.invoke(NativeMethodAccessorImpl.java:62)
	at sun.reflect.DelegatingMethodAccessorImpl.invoke(DelegatingMethodAccessorImpl.java:43)
	at java.lang.reflect.Method.invoke(Method.java:498)
	at org.springframework.boot.devtools.restart.RestartLauncher.run(RestartLauncher.java:49)
Caused by: org.hibernate.HibernateException: Unsupported property type [java.lang.String] for @CreationTimestamp or @UpdateTimestamp generator annotation
	at org.hibernate.tuple.TimestampGenerators.get(TimestampGenerators.java:116)
	at org.hibernate.tuple.CreationTimestampGeneration.initialize(CreationTimestampGeneration.java:22)
	at org.hibernate.tuple.CreationTimestampGeneration.initialize(CreationTimestampGeneration.java:16)
	at org.hibernate.cfg.annotations.PropertyBinder.instantiateAndInitializeValueGeneration(PropertyBinder.java:427)
	at org.hibernate.cfg.annotations.PropertyBinder.getValueGenerationFromAnnotation(PropertyBinder.java:395)
	at org.hibernate.cfg.annotations.PropertyBinder.getValueGenerationFromAnnotations(PropertyBinder.java:360)
	at org.hibernate.cfg.annotations.PropertyBinder.determineValueGenerationStrategy(PropertyBinder.java:335)
	at org.hibernate.cfg.annotations.PropertyBinder.makeProperty(PropertyBinder.java:276)
	at org.hibernate.cfg.annotations.PropertyBinder.makePropertyAndValue(PropertyBinder.java:195)
	at org.hibernate.cfg.annotations.PropertyBinder.makePropertyValueAndBind(PropertyBinder.java:205)
	at org.hibernate.cfg.AnnotationBinder.processElementAnnotations(AnnotationBinder.java:2282)
	at org.hibernate.cfg.AnnotationBinder.processIdPropertiesIfNotAlready(AnnotationBinder.java:975)
	at org.hibernate.cfg.AnnotationBinder.bindClass(AnnotationBinder.java:802)
	at org.hibernate.boot.model.source.internal.annotations.AnnotationMetadataSourceProcessorImpl.processEntityHierarchies(AnnotationMetadataSourceProcessorImpl.java:254)
	at org.hibernate.boot.model.process.spi.MetadataBuildingProcess$1.processEntityHierarchies(MetadataBuildingProcess.java:230)
	at org.hibernate.boot.model.process.spi.MetadataBuildingProcess.complete(MetadataBuildingProcess.java:273)
	at org.hibernate.jpa.boot.internal.EntityManagerFactoryBuilderImpl.metadata(EntityManagerFactoryBuilderImpl.java:1202)
	at org.hibernate.jpa.boot.internal.EntityManagerFactoryBuilderImpl.build(EntityManagerFactoryBuilderImpl.java:1233)
	at org.springframework.orm.jpa.vendor.SpringHibernateJpaPersistenceProvider.createContainerEntityManagerFactory(SpringHibernateJpaPersistenceProvider.java:58)
	at org.springframework.orm.jpa.LocalContainerEntityManagerFactoryBean.createNativeEntityManagerFactory(LocalContainerEntityManagerFactoryBean.java:365)
	at org.springframework.orm.jpa.AbstractEntityManagerFactoryBean.buildNativeEntityManagerFactory(AbstractEntityManagerFactoryBean.java:391)
	at org.springframework.orm.jpa.AbstractEntityManagerFactoryBean.afterPropertiesSet(AbstractEntityManagerFactoryBean.java:378)
	at org.springframework.orm.jpa.LocalContainerEntityManagerFactoryBean.afterPropertiesSet(LocalContainerEntityManagerFactoryBean.java:341)
	at org.springframework.beans.factory.support.AbstractAutowireCapableBeanFactory.invokeInitMethods(AbstractAutowireCapableBeanFactory.java:1855)
	at org.springframework.beans.factory.support.AbstractAutowireCapableBeanFactory.initializeBean(AbstractAutowireCapableBeanFactory.java:1792)
	... 21 common frames omitted
